* using log directory '/Users/nt/Dropbox/Workplace/Github/GWpcor/GWpcor.Rcheck'
* using R version 4.4.3 (2025-02-28)
* using platform: aarch64-apple-darwin20
* R was compiled by
    Apple clang version 14.0.0 (clang-1400.0.29.202)
    GNU Fortran (GCC) 12.2.0
* running under: macOS Sequoia 15.7.3
* using session charset: ASCII
* using option '--as-cran'
* checking for file 'GWpcor/DESCRIPTION' ... OK
* checking extension type ... Package
* this is package 'GWpcor' version '0.1.8'
* package encoding: UTF-8
* checking CRAN incoming feasibility ... [5s/24s] Note_to_CRAN_maintainers
Maintainer: 'Narumasa Tsutsumida <rsnaru.jp@gmail.com>'
* checking package namespace information ... OK
* checking package dependencies ... OK
* checking if this is a source package ... OK
* checking if there is a namespace ... OK
* checking for executable files ... OK
* checking for hidden files and directories ... OK
* checking for portable file names ... OK
* checking for sufficient/correct file permissions ... OK
* checking whether package 'GWpcor' can be installed ... OK
* checking installed package size ... OK
* checking package directory ... OK
* checking for future file timestamps ... NOTE
unable to verify current time
* checking DESCRIPTION meta-information ... OK
* checking top-level files ... OK
* checking for left-over files ... OK
* checking index information ... OK
* checking package subdirectories ... OK
* checking code files for non-ASCII characters ... OK
* checking R files for syntax errors ... OK
* checking whether the package can be loaded ... OK
* checking whether the package can be loaded with stated dependencies ... OK
* checking whether the package can be unloaded cleanly ... OK
* checking whether the namespace can be loaded with stated dependencies ... OK
* checking whether the namespace can be unloaded cleanly ... OK
* checking loading without being on the library search path ... OK
* checking use of S3 registration ... OK
* checking dependencies in R code ... OK
* checking S3 generic/method consistency ... OK
* checking replacement functions ... OK
* checking foreign function calls ... OK
* checking R code for possible problems ... OK
* checking Rd files ... OK
* checking Rd metadata ... OK
* checking Rd line widths ... OK
* checking Rd cross-references ... OK
* checking for missing documentation entries ... OK
* checking for code/documentation mismatches ... OK
* checking Rd \usage sections ... OK
* checking Rd contents ... OK
* checking for unstated dependencies in examples ... OK
* checking examples ... OK
* checking PDF version of manual ... OK
* checking HTML version of manual ... NOTE
Found the following HTML validation problems:
gwpcor.html:15:44 (gwpcor.Rd:4): Error: <main> is not recognized!
gwpcor.html:15:44 (gwpcor.Rd:4): Warning: discarding unexpected <main>
gwpcor.html:180:1 (gwpcor.Rd:112): Warning: discarding unexpected </main>
gwpcor.html:4:1 (gwpcor.Rd:4): Warning: <link> inserting "type" attribute
gwpcor.html:12:1 (gwpcor.Rd:4): Warning: <script> proprietary attribute "onload"
gwpcor.html:12:1 (gwpcor.Rd:4): Warning: <script> inserting "type" attribute
gwpcor.html:17:1 (gwpcor.Rd:4): Warning: <table> lacks "summary" attribute
gwpcor.html:39:1 (gwpcor.Rd:17): Warning: <table> lacks "summary" attribute
gwpcor.html:111:1 (gwpcor.Rd:69): Warning: <table> lacks "summary" attribute
* checking for non-standard things in the check directory ... OK
* checking for detritus in the temp directory ... OK
* DONE
Status: 2 NOTEs
