Hmm ... looks like a package
Converting parsed Rd's to LaTeX 
Creating pdf output from LaTeX ...

This is pdfTeX, Version 3.141592653-2.6-1.40.24 (TeX Live 2022) (preloaded format=pdflatex)
 restricted \write18 enabled.
entering extended mode
LaTeX2e <2022-11-01>
L3 programming layer <2022-11-02> (./Rd2.tex
(/Users/nt/Library/TinyTeX/texmf-dist/tex/latex/base/book.cls
Document Class: book 2022/07/02 v1.4n Standard LaTeX document class
(/Users/nt/Library/TinyTeX/texmf-dist/tex/latex/base/bk10.clo)) (/Library/Frameworks/R.framework/Versions/4.4-arm64/Resources/share/texmf/tex/latex/Rd.sty (/Users/nt/Library/TinyTeX/texmf-dist/tex/latex/base/ifthen.sty) (/Users/nt/Library/TinyTeX/texmf-dist/tex/generic/iftex/iftex.sty) (/Users/nt/Library/TinyTeX/texmf-dist/tex/latex/tools/longtable.sty) (/Users/nt/Library/TinyTeX/texmf-dist/tex/latex/tools/bm.sty) (/Users/nt/Library/TinyTeX/texmf-dist/tex/latex/base/alltt.sty) (/Users/nt/Library/TinyTeX/texmf-dist/tex/latex/tools/verbatim.sty) (/Users/nt/Library/TinyTeX/texmf-dist/tex/latex/url/url.sty) (/Users/nt/Library/TinyTeX/texmf-dist/tex/latex/base/textcomp.sty) (/Users/nt/Library/TinyTeX/texmf-dist/tex/latex/amsmath/amsmath.sty
For additional information on amsmath, use the `?' option.
(/Users/nt/Library/TinyTeX/texmf-dist/tex/latex/amsmath/amstext.sty (/Users/nt/Library/TinyTeX/texmf-dist/tex/latex/amsmath/amsgen.sty)) (/Users/nt/Library/TinyTeX/texmf-dist/tex/latex/amsmath/amsbsy.sty) (/Users/nt/Library/TinyTeX/texmf-dist/tex/latex/amsmath/amsopn.sty)) (/Users/nt/Library/TinyTeX/texmf-dist/tex/latex/amsfonts/amsfonts.sty) (/Users/nt/Library/TinyTeX/texmf-dist/tex/latex/amsfonts/amssymb.sty) (/Users/nt/Library/TinyTeX/texmf-dist/tex/latex/amsfonts/eucal.sty) (/Users/nt/Library/TinyTeX/texmf-dist/tex/latex/base/fontenc.sty) (/Users/nt/Library/TinyTeX/texmf-dist/tex/latex/psnfss/times.sty) (/Users/nt/Library/TinyTeX/texmf-dist/tex/latex/inconsolata/zi4.sty `inconsolata-zi4' v1.12, 2019/05/17 Text macros for Inconsolata (msharpe) (/Users/nt/Library/TinyTeX/texmf-dist/tex/latex/xkeyval/xkeyval.sty (/Users/nt/Library/TinyTeX/texmf-dist/tex/generic/xkeyval/xkeyval.tex (/Users/nt/Library/TinyTeX/texmf-dist/tex/generic/xkeyval/xkvutils.tex (/Users/nt/Library/TinyTeX/texmf-dist/tex/generic/xkeyval/keyval.tex))))) (/Users/nt/Library/TinyTeX/texmf-dist/tex/latex/graphics/color.sty (/Users/nt/Library/TinyTeX/texmf-dist/tex/latex/graphics-cfg/color.cfg) (/Users/nt/Library/TinyTeX/texmf-dist/tex/latex/graphics-def/pdftex.def) (/Users/nt/Library/TinyTeX/texmf-dist/tex/latex/graphics/mathcolor.ltx)) (/Users/nt/Library/TinyTeX/texmf-dist/tex/latex/hyperref/hyperref.sty (/Users/nt/Library/TinyTeX/texmf-dist/tex/generic/ltxcmds/ltxcmds.sty) (/Users/nt/Library/TinyTeX/texmf-dist/tex/generic/pdftexcmds/pdftexcmds.sty (/Users/nt/Library/TinyTeX/texmf-dist/tex/generic/infwarerr/infwarerr.sty)) (/Users/nt/Library/TinyTeX/texmf-dist/tex/latex/kvsetkeys/kvsetkeys.sty) (/Users/nt/Library/TinyTeX/texmf-dist/tex/generic/kvdefinekeys/kvdefinekeys.sty) (/Users/nt/Library/TinyTeX/texmf-dist/tex/generic/pdfescape/pdfescape.sty) (/Users/nt/Library/TinyTeX/texmf-dist/tex/latex/hycolor/hycolor.sty) (/Users/nt/Library/TinyTeX/texmf-dist/tex/latex/letltxmacro/letltxmacro.sty) (/Users/nt/Library/TinyTeX/texmf-dist/tex/latex/auxhook/auxhook.sty) (/Users/nt/Library/TinyTeX/texmf-dist/tex/latex/hyperref/nameref.sty (/Users/nt/Library/TinyTeX/texmf-dist/tex/latex/refcount/refcount.sty) (/Users/nt/Library/TinyTeX/texmf-dist/tex/generic/gettitlestring/gettitlestring.sty (/Users/nt/Library/TinyTeX/texmf-dist/tex/latex/kvoptions/kvoptions.sty))) (/Users/nt/Library/TinyTeX/texmf-dist/tex/latex/hyperref/pd1enc.def) (/Users/nt/Library/TinyTeX/texmf-dist/tex/generic/intcalc/intcalc.sty) (/Users/nt/Library/TinyTeX/texmf-dist/tex/generic/etexcmds/etexcmds.sty) (/Users/nt/Library/TinyTeX/texmf-dist/tex/latex/hyperref/puenc.def) (/Users/nt/Library/TinyTeX/texmf-dist/tex/generic/bitset/bitset.sty (/Users/nt/Library/TinyTeX/texmf-dist/tex/generic/bigintcalc/bigintcalc.sty)) (/Users/nt/Library/TinyTeX/texmf-dist/tex/latex/base/atbegshi-ltx.sty)) (/Users/nt/Library/TinyTeX/texmf-dist/tex/latex/hyperref/hpdftex.def (/Users/nt/Library/TinyTeX/texmf-dist/tex/latex/base/atveryend-ltx.sty) (/Users/nt/Library/TinyTeX/texmf-dist/tex/latex/rerunfilecheck/rerunfilecheck.sty (/Users/nt/Library/TinyTeX/texmf-dist/tex/generic/uniquecounter/uniquecounter.sty)))) (/Users/nt/Library/TinyTeX/texmf-dist/tex/latex/base/makeidx.sty)
Writing index file Rd2.idx
(/Users/nt/Library/TinyTeX/texmf-dist/tex/latex/psnfss/t1ptm.fd) (/Users/nt/Library/TinyTeX/texmf-dist/tex/latex/l3backend/l3backend-pdftex.def)
No file Rd2.aux.
(/Users/nt/Library/TinyTeX/texmf-dist/tex/latex/psnfss/ts1ptm.fd) (/Users/nt/Library/TinyTeX/texmf-dist/tex/latex/inconsolata/t1zi4.fd) (/Users/nt/Library/TinyTeX/texmf-dist/tex/latex/amsfonts/umsa.fd) (/Users/nt/Library/TinyTeX/texmf-dist/tex/latex/amsfonts/umsb.fd)
No file Rd2.toc.
[1{/Users/nt/Library/TinyTeX/texmf-var/fonts/map/pdftex/updmap/pdftex.map}]
Overfull \hbox (4.73671pt too wide) in paragraph at lines 59--61
[]\T1/ptm/m/n/10 a Spa-tial*DataFrame (i.e. Spa-tial-Points-DataFrame or Spa-tialPoly-gons-DataFrame

Overfull \hbox (1.88669pt too wide) in paragraph at lines 96--97
[]\T1/ptm/m/n/10 A pre-specified dis-tance ma-trix, it can be cal-cu-lated by the func-tion st_distance(). 
[2]
Overfull \hbox (9.73488pt too wide) in paragraph at lines 145--145
 []\T1/zi4/m/n/9 #NOTE: This example only shows how to implement gwpcor using sample data (meuse) in sp package. 
No file Rd2.ind.
[3] (/private/var/folders/c_/7jzbpk7j0hs9x974y2d9_tqh0000gn/T/Rtmp0IoQUj/Rd2pdf97b4486c321d/Rd2.aux)

Package rerunfilecheck Warning: File `Rd2.out' has changed.
(rerunfilecheck)                Rerun to get outlines right
(rerunfilecheck)                or use package `bookmark'.

 )
(see the transcript file for additional information){/Users/nt/Library/TinyTeX/texmf-dist/fonts/enc/dvips/base/8r.enc}{/Users/nt/Library/TinyTeX/texmf-dist/fonts/enc/dvips/inconsolata/i4-t1-0.enc}</Users/nt/Library/TinyTeX/texmf-dist/fonts/type1/public/inconsolata/Inconsolata-zi4r.pfb></Users/nt/Library/TinyTeX/texmf-dist/fonts/type1/urw/times/utmb8a.pfb></Users/nt/Library/TinyTeX/texmf-dist/fonts/type1/urw/times/utmr8a.pfb></Users/nt/Library/TinyTeX/texmf-dist/fonts/type1/urw/times/utmr8a.pfb></Users/nt/Library/TinyTeX/texmf-dist/fonts/type1/urw/times/utmri8a.pfb>
Output written on Rd2.pdf (3 pages, 77600 bytes).
Transcript written on Rd2.log.
This is makeindex, version 2.15 [TeX Live 2021] (kpathsea + Thai support).
Scanning input file Rd2.idx....done (1 entries accepted, 2 rejected).
Sorting entries...done (0 comparisons).
Generating output file Rd2.ind....done (5 lines written, 0 warnings).
Output written in Rd2.ind.
Transcript written in Rd2.ilg.
This is pdfTeX, Version 3.141592653-2.6-1.40.24 (TeX Live 2022) (preloaded format=pdflatex)
 restricted \write18 enabled.
entering extended mode
LaTeX2e <2022-11-01>
L3 programming layer <2022-11-02> (./Rd2.tex
(/Users/nt/Library/TinyTeX/texmf-dist/tex/latex/base/book.cls
Document Class: book 2022/07/02 v1.4n Standard LaTeX document class
(/Users/nt/Library/TinyTeX/texmf-dist/tex/latex/base/bk10.clo)) (/Library/Frameworks/R.framework/Versions/4.4-arm64/Resources/share/texmf/tex/latex/Rd.sty (/Users/nt/Library/TinyTeX/texmf-dist/tex/latex/base/ifthen.sty) (/Users/nt/Library/TinyTeX/texmf-dist/tex/generic/iftex/iftex.sty) (/Users/nt/Library/TinyTeX/texmf-dist/tex/latex/tools/longtable.sty) (/Users/nt/Library/TinyTeX/texmf-dist/tex/latex/tools/bm.sty) (/Users/nt/Library/TinyTeX/texmf-dist/tex/latex/base/alltt.sty) (/Users/nt/Library/TinyTeX/texmf-dist/tex/latex/tools/verbatim.sty) (/Users/nt/Library/TinyTeX/texmf-dist/tex/latex/url/url.sty) (/Users/nt/Library/TinyTeX/texmf-dist/tex/latex/base/textcomp.sty) (/Users/nt/Library/TinyTeX/texmf-dist/tex/latex/amsmath/amsmath.sty
For additional information on amsmath, use the `?' option.
(/Users/nt/Library/TinyTeX/texmf-dist/tex/latex/amsmath/amstext.sty (/Users/nt/Library/TinyTeX/texmf-dist/tex/latex/amsmath/amsgen.sty)) (/Users/nt/Library/TinyTeX/texmf-dist/tex/latex/amsmath/amsbsy.sty) (/Users/nt/Library/TinyTeX/texmf-dist/tex/latex/amsmath/amsopn.sty)) (/Users/nt/Library/TinyTeX/texmf-dist/tex/latex/amsfonts/amsfonts.sty) (/Users/nt/Library/TinyTeX/texmf-dist/tex/latex/amsfonts/amssymb.sty) (/Users/nt/Library/TinyTeX/texmf-dist/tex/latex/amsfonts/eucal.sty) (/Users/nt/Library/TinyTeX/texmf-dist/tex/latex/base/fontenc.sty) (/Users/nt/Library/TinyTeX/texmf-dist/tex/latex/psnfss/times.sty) (/Users/nt/Library/TinyTeX/texmf-dist/tex/latex/inconsolata/zi4.sty `inconsolata-zi4' v1.12, 2019/05/17 Text macros for Inconsolata (msharpe) (/Users/nt/Library/TinyTeX/texmf-dist/tex/latex/xkeyval/xkeyval.sty (/Users/nt/Library/TinyTeX/texmf-dist/tex/generic/xkeyval/xkeyval.tex (/Users/nt/Library/TinyTeX/texmf-dist/tex/generic/xkeyval/xkvutils.tex (/Users/nt/Library/TinyTeX/texmf-dist/tex/generic/xkeyval/keyval.tex))))) (/Users/nt/Library/TinyTeX/texmf-dist/tex/latex/graphics/color.sty (/Users/nt/Library/TinyTeX/texmf-dist/tex/latex/graphics-cfg/color.cfg) (/Users/nt/Library/TinyTeX/texmf-dist/tex/latex/graphics-def/pdftex.def) (/Users/nt/Library/TinyTeX/texmf-dist/tex/latex/graphics/mathcolor.ltx)) (/Users/nt/Library/TinyTeX/texmf-dist/tex/latex/hyperref/hyperref.sty (/Users/nt/Library/TinyTeX/texmf-dist/tex/generic/ltxcmds/ltxcmds.sty) (/Users/nt/Library/TinyTeX/texmf-dist/tex/generic/pdftexcmds/pdftexcmds.sty (/Users/nt/Library/TinyTeX/texmf-dist/tex/generic/infwarerr/infwarerr.sty)) (/Users/nt/Library/TinyTeX/texmf-dist/tex/latex/kvsetkeys/kvsetkeys.sty) (/Users/nt/Library/TinyTeX/texmf-dist/tex/generic/kvdefinekeys/kvdefinekeys.sty) (/Users/nt/Library/TinyTeX/texmf-dist/tex/generic/pdfescape/pdfescape.sty) (/Users/nt/Library/TinyTeX/texmf-dist/tex/latex/hycolor/hycolor.sty) (/Users/nt/Library/TinyTeX/texmf-dist/tex/latex/letltxmacro/letltxmacro.sty) (/Users/nt/Library/TinyTeX/texmf-dist/tex/latex/auxhook/auxhook.sty) (/Users/nt/Library/TinyTeX/texmf-dist/tex/latex/hyperref/nameref.sty (/Users/nt/Library/TinyTeX/texmf-dist/tex/latex/refcount/refcount.sty) (/Users/nt/Library/TinyTeX/texmf-dist/tex/generic/gettitlestring/gettitlestring.sty (/Users/nt/Library/TinyTeX/texmf-dist/tex/latex/kvoptions/kvoptions.sty))) (/Users/nt/Library/TinyTeX/texmf-dist/tex/latex/hyperref/pd1enc.def) (/Users/nt/Library/TinyTeX/texmf-dist/tex/generic/intcalc/intcalc.sty) (/Users/nt/Library/TinyTeX/texmf-dist/tex/generic/etexcmds/etexcmds.sty) (/Users/nt/Library/TinyTeX/texmf-dist/tex/latex/hyperref/puenc.def) (/Users/nt/Library/TinyTeX/texmf-dist/tex/generic/bitset/bitset.sty (/Users/nt/Library/TinyTeX/texmf-dist/tex/generic/bigintcalc/bigintcalc.sty)) (/Users/nt/Library/TinyTeX/texmf-dist/tex/latex/base/atbegshi-ltx.sty)) (/Users/nt/Library/TinyTeX/texmf-dist/tex/latex/hyperref/hpdftex.def (/Users/nt/Library/TinyTeX/texmf-dist/tex/latex/base/atveryend-ltx.sty) (/Users/nt/Library/TinyTeX/texmf-dist/tex/latex/rerunfilecheck/rerunfilecheck.sty (/Users/nt/Library/TinyTeX/texmf-dist/tex/generic/uniquecounter/uniquecounter.sty)))) (/Users/nt/Library/TinyTeX/texmf-dist/tex/latex/base/makeidx.sty)
Writing index file Rd2.idx
(/Users/nt/Library/TinyTeX/texmf-dist/tex/latex/psnfss/t1ptm.fd) (/Users/nt/Library/TinyTeX/texmf-dist/tex/latex/l3backend/l3backend-pdftex.def) (/private/var/folders/c_/7jzbpk7j0hs9x974y2d9_tqh0000gn/T/Rtmp0IoQUj/Rd2pdf97b4486c321d/Rd2.aux) (/private/var/folders/c_/7jzbpk7j0hs9x974y2d9_tqh0000gn/T/Rtmp0IoQUj/Rd2pdf97b4486c321d/Rd2.out) (/private/var/folders/c_/7jzbpk7j0hs9x974y2d9_tqh0000gn/T/Rtmp0IoQUj/Rd2pdf97b4486c321d/Rd2.out) (/Users/nt/Library/TinyTeX/texmf-dist/tex/latex/psnfss/ts1ptm.fd) (/Users/nt/Library/TinyTeX/texmf-dist/tex/latex/inconsolata/t1zi4.fd) (/Users/nt/Library/TinyTeX/texmf-dist/tex/latex/amsfonts/umsa.fd) (/Users/nt/Library/TinyTeX/texmf-dist/tex/latex/amsfonts/umsb.fd) (/private/var/folders/c_/7jzbpk7j0hs9x974y2d9_tqh0000gn/T/Rtmp0IoQUj/Rd2pdf97b4486c321d/Rd2.toc) [1{/Users/nt/Library/TinyTeX/texmf-var/fonts/map/pdftex/updmap/pdftex.map}]
Overfull \hbox (4.73671pt too wide) in paragraph at lines 59--61
[]\T1/ptm/m/n/10 a Spa-tial*DataFrame (i.e. Spa-tial-Points-DataFrame or Spa-tialPoly-gons-DataFrame

Overfull \hbox (1.88669pt too wide) in paragraph at lines 96--97
[]\T1/ptm/m/n/10 A pre-specified dis-tance ma-trix, it can be cal-cu-lated by the func-tion st_distance(). 
[2]
Overfull \hbox (9.73488pt too wide) in paragraph at lines 145--145
 []\T1/zi4/m/n/9 #NOTE: This example only shows how to implement gwpcor using sample data (meuse) in sp package. 
(/private/var/folders/c_/7jzbpk7j0hs9x974y2d9_tqh0000gn/T/Rtmp0IoQUj/Rd2pdf97b4486c321d/Rd2.ind [3] [4]) (/private/var/folders/c_/7jzbpk7j0hs9x974y2d9_tqh0000gn/T/Rtmp0IoQUj/Rd2pdf97b4486c321d/Rd2.aux)

Package rerunfilecheck Warning: File `Rd2.out' has changed.
(rerunfilecheck)                Rerun to get outlines right
(rerunfilecheck)                or use package `bookmark'.

 )
(see the transcript file for additional information){/Users/nt/Library/TinyTeX/texmf-dist/fonts/enc/dvips/base/8r.enc}{/Users/nt/Library/TinyTeX/texmf-dist/fonts/enc/dvips/inconsolata/i4-t1-0.enc}</Users/nt/Library/TinyTeX/texmf-dist/fonts/type1/public/inconsolata/Inconsolata-zi4r.pfb></Users/nt/Library/TinyTeX/texmf-dist/fonts/type1/urw/times/utmb8a.pfb></Users/nt/Library/TinyTeX/texmf-dist/fonts/type1/urw/times/utmr8a.pfb></Users/nt/Library/TinyTeX/texmf-dist/fonts/type1/urw/times/utmr8a.pfb></Users/nt/Library/TinyTeX/texmf-dist/fonts/type1/urw/times/utmri8a.pfb>
Output written on Rd2.pdf (4 pages, 78139 bytes).
Transcript written on Rd2.log.
This is makeindex, version 2.15 [TeX Live 2021] (kpathsea + Thai support).
Scanning input file Rd2.idx....done (1 entries accepted, 2 rejected).
Sorting entries...done (0 comparisons).
Generating output file Rd2.ind....done (5 lines written, 0 warnings).
Output written in Rd2.ind.
Transcript written in Rd2.ilg.
This is pdfTeX, Version 3.141592653-2.6-1.40.24 (TeX Live 2022) (preloaded format=pdflatex)
 restricted \write18 enabled.
entering extended mode
LaTeX2e <2022-11-01>
L3 programming layer <2022-11-02> (./Rd2.tex
(/Users/nt/Library/TinyTeX/texmf-dist/tex/latex/base/book.cls
Document Class: book 2022/07/02 v1.4n Standard LaTeX document class
(/Users/nt/Library/TinyTeX/texmf-dist/tex/latex/base/bk10.clo)) (/Library/Frameworks/R.framework/Versions/4.4-arm64/Resources/share/texmf/tex/latex/Rd.sty (/Users/nt/Library/TinyTeX/texmf-dist/tex/latex/base/ifthen.sty) (/Users/nt/Library/TinyTeX/texmf-dist/tex/generic/iftex/iftex.sty) (/Users/nt/Library/TinyTeX/texmf-dist/tex/latex/tools/longtable.sty) (/Users/nt/Library/TinyTeX/texmf-dist/tex/latex/tools/bm.sty) (/Users/nt/Library/TinyTeX/texmf-dist/tex/latex/base/alltt.sty) (/Users/nt/Library/TinyTeX/texmf-dist/tex/latex/tools/verbatim.sty) (/Users/nt/Library/TinyTeX/texmf-dist/tex/latex/url/url.sty) (/Users/nt/Library/TinyTeX/texmf-dist/tex/latex/base/textcomp.sty) (/Users/nt/Library/TinyTeX/texmf-dist/tex/latex/amsmath/amsmath.sty
For additional information on amsmath, use the `?' option.
(/Users/nt/Library/TinyTeX/texmf-dist/tex/latex/amsmath/amstext.sty (/Users/nt/Library/TinyTeX/texmf-dist/tex/latex/amsmath/amsgen.sty)) (/Users/nt/Library/TinyTeX/texmf-dist/tex/latex/amsmath/amsbsy.sty) (/Users/nt/Library/TinyTeX/texmf-dist/tex/latex/amsmath/amsopn.sty)) (/Users/nt/Library/TinyTeX/texmf-dist/tex/latex/amsfonts/amsfonts.sty) (/Users/nt/Library/TinyTeX/texmf-dist/tex/latex/amsfonts/amssymb.sty) (/Users/nt/Library/TinyTeX/texmf-dist/tex/latex/amsfonts/eucal.sty) (/Users/nt/Library/TinyTeX/texmf-dist/tex/latex/base/fontenc.sty) (/Users/nt/Library/TinyTeX/texmf-dist/tex/latex/psnfss/times.sty) (/Users/nt/Library/TinyTeX/texmf-dist/tex/latex/inconsolata/zi4.sty `inconsolata-zi4' v1.12, 2019/05/17 Text macros for Inconsolata (msharpe) (/Users/nt/Library/TinyTeX/texmf-dist/tex/latex/xkeyval/xkeyval.sty (/Users/nt/Library/TinyTeX/texmf-dist/tex/generic/xkeyval/xkeyval.tex (/Users/nt/Library/TinyTeX/texmf-dist/tex/generic/xkeyval/xkvutils.tex (/Users/nt/Library/TinyTeX/texmf-dist/tex/generic/xkeyval/keyval.tex))))) (/Users/nt/Library/TinyTeX/texmf-dist/tex/latex/graphics/color.sty (/Users/nt/Library/TinyTeX/texmf-dist/tex/latex/graphics-cfg/color.cfg) (/Users/nt/Library/TinyTeX/texmf-dist/tex/latex/graphics-def/pdftex.def) (/Users/nt/Library/TinyTeX/texmf-dist/tex/latex/graphics/mathcolor.ltx)) (/Users/nt/Library/TinyTeX/texmf-dist/tex/latex/hyperref/hyperref.sty (/Users/nt/Library/TinyTeX/texmf-dist/tex/generic/ltxcmds/ltxcmds.sty) (/Users/nt/Library/TinyTeX/texmf-dist/tex/generic/pdftexcmds/pdftexcmds.sty (/Users/nt/Library/TinyTeX/texmf-dist/tex/generic/infwarerr/infwarerr.sty)) (/Users/nt/Library/TinyTeX/texmf-dist/tex/latex/kvsetkeys/kvsetkeys.sty) (/Users/nt/Library/TinyTeX/texmf-dist/tex/generic/kvdefinekeys/kvdefinekeys.sty) (/Users/nt/Library/TinyTeX/texmf-dist/tex/generic/pdfescape/pdfescape.sty) (/Users/nt/Library/TinyTeX/texmf-dist/tex/latex/hycolor/hycolor.sty) (/Users/nt/Library/TinyTeX/texmf-dist/tex/latex/letltxmacro/letltxmacro.sty) (/Users/nt/Library/TinyTeX/texmf-dist/tex/latex/auxhook/auxhook.sty) (/Users/nt/Library/TinyTeX/texmf-dist/tex/latex/hyperref/nameref.sty (/Users/nt/Library/TinyTeX/texmf-dist/tex/latex/refcount/refcount.sty) (/Users/nt/Library/TinyTeX/texmf-dist/tex/generic/gettitlestring/gettitlestring.sty (/Users/nt/Library/TinyTeX/texmf-dist/tex/latex/kvoptions/kvoptions.sty))) (/Users/nt/Library/TinyTeX/texmf-dist/tex/latex/hyperref/pd1enc.def) (/Users/nt/Library/TinyTeX/texmf-dist/tex/generic/intcalc/intcalc.sty) (/Users/nt/Library/TinyTeX/texmf-dist/tex/generic/etexcmds/etexcmds.sty) (/Users/nt/Library/TinyTeX/texmf-dist/tex/latex/hyperref/puenc.def) (/Users/nt/Library/TinyTeX/texmf-dist/tex/generic/bitset/bitset.sty (/Users/nt/Library/TinyTeX/texmf-dist/tex/generic/bigintcalc/bigintcalc.sty)) (/Users/nt/Library/TinyTeX/texmf-dist/tex/latex/base/atbegshi-ltx.sty)) (/Users/nt/Library/TinyTeX/texmf-dist/tex/latex/hyperref/hpdftex.def (/Users/nt/Library/TinyTeX/texmf-dist/tex/latex/base/atveryend-ltx.sty) (/Users/nt/Library/TinyTeX/texmf-dist/tex/latex/rerunfilecheck/rerunfilecheck.sty (/Users/nt/Library/TinyTeX/texmf-dist/tex/generic/uniquecounter/uniquecounter.sty)))) (/Users/nt/Library/TinyTeX/texmf-dist/tex/latex/base/makeidx.sty)
Writing index file Rd2.idx
(/Users/nt/Library/TinyTeX/texmf-dist/tex/latex/psnfss/t1ptm.fd) (/Users/nt/Library/TinyTeX/texmf-dist/tex/latex/l3backend/l3backend-pdftex.def) (/private/var/folders/c_/7jzbpk7j0hs9x974y2d9_tqh0000gn/T/Rtmp0IoQUj/Rd2pdf97b4486c321d/Rd2.aux) (/private/var/folders/c_/7jzbpk7j0hs9x974y2d9_tqh0000gn/T/Rtmp0IoQUj/Rd2pdf97b4486c321d/Rd2.out) (/private/var/folders/c_/7jzbpk7j0hs9x974y2d9_tqh0000gn/T/Rtmp0IoQUj/Rd2pdf97b4486c321d/Rd2.out) (/Users/nt/Library/TinyTeX/texmf-dist/tex/latex/psnfss/ts1ptm.fd) (/Users/nt/Library/TinyTeX/texmf-dist/tex/latex/inconsolata/t1zi4.fd) (/Users/nt/Library/TinyTeX/texmf-dist/tex/latex/amsfonts/umsa.fd) (/Users/nt/Library/TinyTeX/texmf-dist/tex/latex/amsfonts/umsb.fd) (/private/var/folders/c_/7jzbpk7j0hs9x974y2d9_tqh0000gn/T/Rtmp0IoQUj/Rd2pdf97b4486c321d/Rd2.toc) [1{/Users/nt/Library/TinyTeX/texmf-var/fonts/map/pdftex/updmap/pdftex.map}]
Overfull \hbox (4.73671pt too wide) in paragraph at lines 59--61
[]\T1/ptm/m/n/10 a Spa-tial*DataFrame (i.e. Spa-tial-Points-DataFrame or Spa-tialPoly-gons-DataFrame

Overfull \hbox (1.88669pt too wide) in paragraph at lines 96--97
[]\T1/ptm/m/n/10 A pre-specified dis-tance ma-trix, it can be cal-cu-lated by the func-tion st_distance(). 
[2]
Overfull \hbox (9.73488pt too wide) in paragraph at lines 145--145
 []\T1/zi4/m/n/9 #NOTE: This example only shows how to implement gwpcor using sample data (meuse) in sp package. 
(/private/var/folders/c_/7jzbpk7j0hs9x974y2d9_tqh0000gn/T/Rtmp0IoQUj/Rd2pdf97b4486c321d/Rd2.ind [3] [4]) (/private/var/folders/c_/7jzbpk7j0hs9x974y2d9_tqh0000gn/T/Rtmp0IoQUj/Rd2pdf97b4486c321d/Rd2.aux) )
(see the transcript file for additional information){/Users/nt/Library/TinyTeX/texmf-dist/fonts/enc/dvips/base/8r.enc}{/Users/nt/Library/TinyTeX/texmf-dist/fonts/enc/dvips/inconsolata/i4-t1-0.enc}</Users/nt/Library/TinyTeX/texmf-dist/fonts/type1/public/inconsolata/Inconsolata-zi4r.pfb></Users/nt/Library/TinyTeX/texmf-dist/fonts/type1/urw/times/utmb8a.pfb></Users/nt/Library/TinyTeX/texmf-dist/fonts/type1/urw/times/utmr8a.pfb></Users/nt/Library/TinyTeX/texmf-dist/fonts/type1/urw/times/utmr8a.pfb></Users/nt/Library/TinyTeX/texmf-dist/fonts/type1/urw/times/utmri8a.pfb>
Output written on Rd2.pdf (4 pages, 78873 bytes).
Transcript written on Rd2.log.
This is makeindex, version 2.15 [TeX Live 2021] (kpathsea + Thai support).
Scanning input file Rd2.idx....done (1 entries accepted, 2 rejected).
Sorting entries...done (0 comparisons).
Generating output file Rd2.ind....done (5 lines written, 0 warnings).
Output written in Rd2.ind.
Transcript written in Rd2.ilg.
This is pdfTeX, Version 3.141592653-2.6-1.40.24 (TeX Live 2022) (preloaded format=pdflatex)
 restricted \write18 enabled.
entering extended mode
LaTeX2e <2022-11-01>
L3 programming layer <2022-11-02> (./Rd2.tex
(/Users/nt/Library/TinyTeX/texmf-dist/tex/latex/base/book.cls
Document Class: book 2022/07/02 v1.4n Standard LaTeX document class
(/Users/nt/Library/TinyTeX/texmf-dist/tex/latex/base/bk10.clo)) (/Library/Frameworks/R.framework/Versions/4.4-arm64/Resources/share/texmf/tex/latex/Rd.sty (/Users/nt/Library/TinyTeX/texmf-dist/tex/latex/base/ifthen.sty) (/Users/nt/Library/TinyTeX/texmf-dist/tex/generic/iftex/iftex.sty) (/Users/nt/Library/TinyTeX/texmf-dist/tex/latex/tools/longtable.sty) (/Users/nt/Library/TinyTeX/texmf-dist/tex/latex/tools/bm.sty) (/Users/nt/Library/TinyTeX/texmf-dist/tex/latex/base/alltt.sty) (/Users/nt/Library/TinyTeX/texmf-dist/tex/latex/tools/verbatim.sty) (/Users/nt/Library/TinyTeX/texmf-dist/tex/latex/url/url.sty) (/Users/nt/Library/TinyTeX/texmf-dist/tex/latex/base/textcomp.sty) (/Users/nt/Library/TinyTeX/texmf-dist/tex/latex/amsmath/amsmath.sty
For additional information on amsmath, use the `?' option.
(/Users/nt/Library/TinyTeX/texmf-dist/tex/latex/amsmath/amstext.sty (/Users/nt/Library/TinyTeX/texmf-dist/tex/latex/amsmath/amsgen.sty)) (/Users/nt/Library/TinyTeX/texmf-dist/tex/latex/amsmath/amsbsy.sty) (/Users/nt/Library/TinyTeX/texmf-dist/tex/latex/amsmath/amsopn.sty)) (/Users/nt/Library/TinyTeX/texmf-dist/tex/latex/amsfonts/amsfonts.sty) (/Users/nt/Library/TinyTeX/texmf-dist/tex/latex/amsfonts/amssymb.sty) (/Users/nt/Library/TinyTeX/texmf-dist/tex/latex/amsfonts/eucal.sty) (/Users/nt/Library/TinyTeX/texmf-dist/tex/latex/base/fontenc.sty) (/Users/nt/Library/TinyTeX/texmf-dist/tex/latex/psnfss/times.sty) (/Users/nt/Library/TinyTeX/texmf-dist/tex/latex/inconsolata/zi4.sty `inconsolata-zi4' v1.12, 2019/05/17 Text macros for Inconsolata (msharpe) (/Users/nt/Library/TinyTeX/texmf-dist/tex/latex/xkeyval/xkeyval.sty (/Users/nt/Library/TinyTeX/texmf-dist/tex/generic/xkeyval/xkeyval.tex (/Users/nt/Library/TinyTeX/texmf-dist/tex/generic/xkeyval/xkvutils.tex (/Users/nt/Library/TinyTeX/texmf-dist/tex/generic/xkeyval/keyval.tex))))) (/Users/nt/Library/TinyTeX/texmf-dist/tex/latex/graphics/color.sty (/Users/nt/Library/TinyTeX/texmf-dist/tex/latex/graphics-cfg/color.cfg) (/Users/nt/Library/TinyTeX/texmf-dist/tex/latex/graphics-def/pdftex.def) (/Users/nt/Library/TinyTeX/texmf-dist/tex/latex/graphics/mathcolor.ltx)) (/Users/nt/Library/TinyTeX/texmf-dist/tex/latex/hyperref/hyperref.sty (/Users/nt/Library/TinyTeX/texmf-dist/tex/generic/ltxcmds/ltxcmds.sty) (/Users/nt/Library/TinyTeX/texmf-dist/tex/generic/pdftexcmds/pdftexcmds.sty (/Users/nt/Library/TinyTeX/texmf-dist/tex/generic/infwarerr/infwarerr.sty)) (/Users/nt/Library/TinyTeX/texmf-dist/tex/latex/kvsetkeys/kvsetkeys.sty) (/Users/nt/Library/TinyTeX/texmf-dist/tex/generic/kvdefinekeys/kvdefinekeys.sty) (/Users/nt/Library/TinyTeX/texmf-dist/tex/generic/pdfescape/pdfescape.sty) (/Users/nt/Library/TinyTeX/texmf-dist/tex/latex/hycolor/hycolor.sty) (/Users/nt/Library/TinyTeX/texmf-dist/tex/latex/letltxmacro/letltxmacro.sty) (/Users/nt/Library/TinyTeX/texmf-dist/tex/latex/auxhook/auxhook.sty) (/Users/nt/Library/TinyTeX/texmf-dist/tex/latex/hyperref/nameref.sty (/Users/nt/Library/TinyTeX/texmf-dist/tex/latex/refcount/refcount.sty) (/Users/nt/Library/TinyTeX/texmf-dist/tex/generic/gettitlestring/gettitlestring.sty (/Users/nt/Library/TinyTeX/texmf-dist/tex/latex/kvoptions/kvoptions.sty))) (/Users/nt/Library/TinyTeX/texmf-dist/tex/latex/hyperref/pd1enc.def) (/Users/nt/Library/TinyTeX/texmf-dist/tex/generic/intcalc/intcalc.sty) (/Users/nt/Library/TinyTeX/texmf-dist/tex/generic/etexcmds/etexcmds.sty) (/Users/nt/Library/TinyTeX/texmf-dist/tex/latex/hyperref/puenc.def) (/Users/nt/Library/TinyTeX/texmf-dist/tex/generic/bitset/bitset.sty (/Users/nt/Library/TinyTeX/texmf-dist/tex/generic/bigintcalc/bigintcalc.sty)) (/Users/nt/Library/TinyTeX/texmf-dist/tex/latex/base/atbegshi-ltx.sty)) (/Users/nt/Library/TinyTeX/texmf-dist/tex/latex/hyperref/hpdftex.def (/Users/nt/Library/TinyTeX/texmf-dist/tex/latex/base/atveryend-ltx.sty) (/Users/nt/Library/TinyTeX/texmf-dist/tex/latex/rerunfilecheck/rerunfilecheck.sty (/Users/nt/Library/TinyTeX/texmf-dist/tex/generic/uniquecounter/uniquecounter.sty)))) (/Users/nt/Library/TinyTeX/texmf-dist/tex/latex/base/makeidx.sty)
Writing index file Rd2.idx
(/Users/nt/Library/TinyTeX/texmf-dist/tex/latex/psnfss/t1ptm.fd) (/Users/nt/Library/TinyTeX/texmf-dist/tex/latex/l3backend/l3backend-pdftex.def) (/private/var/folders/c_/7jzbpk7j0hs9x974y2d9_tqh0000gn/T/Rtmp0IoQUj/Rd2pdf97b4486c321d/Rd2.aux) (/private/var/folders/c_/7jzbpk7j0hs9x974y2d9_tqh0000gn/T/Rtmp0IoQUj/Rd2pdf97b4486c321d/Rd2.out) (/private/var/folders/c_/7jzbpk7j0hs9x974y2d9_tqh0000gn/T/Rtmp0IoQUj/Rd2pdf97b4486c321d/Rd2.out) (/Users/nt/Library/TinyTeX/texmf-dist/tex/latex/psnfss/ts1ptm.fd) (/Users/nt/Library/TinyTeX/texmf-dist/tex/latex/inconsolata/t1zi4.fd) (/Users/nt/Library/TinyTeX/texmf-dist/tex/latex/amsfonts/umsa.fd) (/Users/nt/Library/TinyTeX/texmf-dist/tex/latex/amsfonts/umsb.fd) (/private/var/folders/c_/7jzbpk7j0hs9x974y2d9_tqh0000gn/T/Rtmp0IoQUj/Rd2pdf97b4486c321d/Rd2.toc) [1{/Users/nt/Library/TinyTeX/texmf-var/fonts/map/pdftex/updmap/pdftex.map}]
Overfull \hbox (4.73671pt too wide) in paragraph at lines 59--61
[]\T1/ptm/m/n/10 a Spa-tial*DataFrame (i.e. Spa-tial-Points-DataFrame or Spa-tialPoly-gons-DataFrame

Overfull \hbox (1.88669pt too wide) in paragraph at lines 96--97
[]\T1/ptm/m/n/10 A pre-specified dis-tance ma-trix, it can be cal-cu-lated by the func-tion st_distance(). 
[2]
Overfull \hbox (9.73488pt too wide) in paragraph at lines 145--145
 []\T1/zi4/m/n/9 #NOTE: This example only shows how to implement gwpcor using sample data (meuse) in sp package. 
(/private/var/folders/c_/7jzbpk7j0hs9x974y2d9_tqh0000gn/T/Rtmp0IoQUj/Rd2pdf97b4486c321d/Rd2.ind [3] [4]) (/private/var/folders/c_/7jzbpk7j0hs9x974y2d9_tqh0000gn/T/Rtmp0IoQUj/Rd2pdf97b4486c321d/Rd2.aux) )
(see the transcript file for additional information){/Users/nt/Library/TinyTeX/texmf-dist/fonts/enc/dvips/base/8r.enc}{/Users/nt/Library/TinyTeX/texmf-dist/fonts/enc/dvips/inconsolata/i4-t1-0.enc}</Users/nt/Library/TinyTeX/texmf-dist/fonts/type1/public/inconsolata/Inconsolata-zi4r.pfb></Users/nt/Library/TinyTeX/texmf-dist/fonts/type1/urw/times/utmb8a.pfb></Users/nt/Library/TinyTeX/texmf-dist/fonts/type1/urw/times/utmr8a.pfb></Users/nt/Library/TinyTeX/texmf-dist/fonts/type1/urw/times/utmr8a.pfb></Users/nt/Library/TinyTeX/texmf-dist/fonts/type1/urw/times/utmri8a.pfb>
Output written on Rd2.pdf (4 pages, 78873 bytes).
Transcript written on Rd2.log.
Saving output to 'GWpcor-manual.pdf' ...
Done
You may want to clean up by 'rm -Rf /var/folders/c_/7jzbpk7j0hs9x974y2d9_tqh0000gn/T//Rtmp0IoQUj/Rd2pdf97b4486c321d'
